11:17:57 DEBUG : Logs will be stored at 'C:/Users/Michael/workspace4/IDE.log'.
11:17:59 INFO  : Launching XSCT server: xsct.bat -n  -interactive C:\Users\Michael\workspace4\temp_xsdb_launch_script.tcl
11:17:59 INFO  : Registering command handlers for Vitis TCF services
11:18:00 INFO  : Platform repository initialization has completed.
11:18:02 INFO  : XSCT server has started successfully.
11:18:04 INFO  : Successfully done setting XSCT server connection channel  
11:18:04 INFO  : plnx-install-location is set to ''
11:18:04 INFO  : Successfully done query RDI_DATADIR 
11:18:04 INFO  : Successfully done setting workspace for the tool. 
11:18:12 INFO  : Platform 'lab2B' is added to custom repositories.
11:18:14 INFO  : [Import] Updating active build configuration of the system project 'Lab2B_app_system' to 'Debug' after the import.
11:18:27 INFO  : Result from executing command 'getProjects': lab2B
11:18:27 INFO  : Result from executing command 'getPlatforms': lab2B|C:/Users/Michael/workspace4/lab2B/export/lab2B/lab2B.xpfm;xilinx_vck190_base_202210_1|C:/Xilinx/Vitis/2022.1/base_platforms/xilinx_vck190_base_202210_1/xilinx_vck190_base_202210_1.xpfm;xilinx_vck190_base_dfx_202210_1|C:/Xilinx/Vitis/2022.1/base_platforms/xilinx_vck190_base_dfx_202210_1/xilinx_vck190_base_dfx_202210_1.xpfm;xilinx_vmk180_base_202210_1|C:/Xilinx/Vitis/2022.1/base_platforms/xilinx_vmk180_base_202210_1/xilinx_vmk180_base_202210_1.xpfm;xilinx_zcu102_base_202210_1|C:/Xilinx/Vitis/2022.1/base_platforms/xilinx_zcu102_base_202210_1/xilinx_zcu102_base_202210_1.xpfm;xilinx_zcu102_base_dfx_202210_1|C:/Xilinx/Vitis/2022.1/base_platforms/xilinx_zcu102_base_dfx_202210_1/xilinx_zcu102_base_dfx_202210_1.xpfm;xilinx_zcu104_base_202210_1|C:/Xilinx/Vitis/2022.1/base_platforms/xilinx_zcu104_base_202210_1/xilinx_zcu104_base_202210_1.xpfm
11:18:28 INFO  : Checking for BSP changes to sync application flags for project 'Lab2B_app'...
11:18:46 INFO  : Connected to target on host '127.0.0.1' and port '3121'.
11:18:46 INFO  : Jtag cable 'Digilent Nexys A7 -100T 210292BD0184A' is selected.
11:18:46 INFO  : 'jtag frequency' command is executed.
11:18:46 INFO  : 'targets -set -filter {jtag_cable_name =~ "Digilent Nexys A7 -100T 210292BD0184A" && level==0 && jtag_device_ctx=="jsn-Nexys A7 -100T-210292BD0184A-13631093-0"}' command is executed.
11:18:49 INFO  : Device configured successfully with "C:/Users/Michael/workspace4/Lab2B_app/_ide/bitstream/download.bit"
11:18:49 INFO  : Context for processor 'microblaze_0' is selected.
11:18:49 INFO  : Hardware design and registers information is loaded from 'C:/Users/Michael/workspace4/lab2B/export/lab2B/hw/system_wrapper.xsa'.
11:18:49 INFO  : 'configparams mdm-detect-bscan-mask 2' command is executed.
11:18:49 INFO  : Context for processor 'microblaze_0' is selected.
11:18:49 INFO  : System reset is completed.
11:18:52 INFO  : 'after 3000' command is executed.
11:18:52 INFO  : Context for processor 'microblaze_0' is selected.
11:18:52 INFO  : The application 'C:/Users/Michael/workspace4/Lab2B_app/Debug/Lab2B_app.elf' is downloaded to processor 'microblaze_0'.
11:18:52 INFO  : ----------------XSDB Script----------------
connect -url tcp:127.0.0.1:3121
targets -set -filter {jtag_cable_name =~ "Digilent Nexys A7 -100T 210292BD0184A" && level==0 && jtag_device_ctx=="jsn-Nexys A7 -100T-210292BD0184A-13631093-0"}
fpga -file C:/Users/Michael/workspace4/Lab2B_app/_ide/bitstream/download.bit
targets -set -nocase -filter {name =~ "*microblaze*#0" && bscan=="USER2" }
loadhw -hw C:/Users/Michael/workspace4/lab2B/export/lab2B/hw/system_wrapper.xsa -regs
configparams mdm-detect-bscan-mask 2
targets -set -nocase -filter {name =~ "*microblaze*#0" && bscan=="USER2" }
rst -system
after 3000
targets -set -nocase -filter {name =~ "*microblaze*#0" && bscan=="USER2" }
dow C:/Users/Michael/workspace4/Lab2B_app/Debug/Lab2B_app.elf
----------------End of Script----------------

11:18:53 INFO  : Context for processor 'microblaze_0' is selected.
11:18:53 INFO  : 'con' command is executed.
11:18:53 INFO  : ----------------XSDB Script (After Launch)----------------
targets -set -nocase -filter {name =~ "*microblaze*#0" && bscan=="USER2" }
con
----------------End of Script----------------

11:18:53 INFO  : Launch script is exported to file 'C:\Users\Michael\workspace4\Lab2B_app_system\_ide\scripts\debugger_lab2b_app-default.tcl'
